C51 COMPILER V9.54   MAIN                                                                  10/26/2024 00:38:39 PAGE 1   


C51 COMPILER V9.54, COMPILATION OF MODULE MAIN
OBJECT MODULE PLACED IN .\Objects\main.obj
COMPILER INVOKED BY: D:\develop\Keil_v5\C51\BIN\C51.EXE main.c OPTIMIZE(8,SPEED) BROWSE DEBUG OBJECTEXTEND PRINT(.\Listi
                    -ngs\main.lst) TABS(2) OBJECT(.\Objects\main.obj)

line level    source

   1          #include <REGX52.H>
   2          
   3          unsigned char NixieTable[] = {0x3F,0x06,0x5B,0x4F,0x66,0x6D,0x7D,0x07,0x7F,0x6F,0x77,0x7C,0x39,0x5E,0x79,0
             -x71,0x00};
   4          
   5          void Nixie(unsigned char location,number)
   6          {
   7   1        switch(location)
   8   1        {
   9   2          case 1:P2_4 = 1;P2_3 = 1;P2_2 = 1;break;
  10   2          case 2:P2_4 = 1;P2_3 = 1;P2_2 = 0;break;
  11   2          case 3:P2_4 = 1;P2_3 = 0;P2_2 = 1;break;
  12   2          case 4:P2_4 = 1;P2_3 = 0;P2_2 = 0;break;
  13   2          case 5:P2_4 = 0;P2_3 = 1;P2_2 = 1;break;
  14   2          case 6:P2_4 = 0;P2_3 = 1;P2_2 = 0;break;
  15   2          case 7:P2_4 = 0;P2_3 = 0;P2_2 = 1;break;
  16   2          case 8:P2_4 = 0;P2_3 = 0;P2_2 = 0;break;    
  17   2        }
  18   1        P0 = NixieTable[number];
  19   1      
  20   1      }
  21          
  22          
  23          void main()
  24          {
  25   1        
  26   1        while(1)
  27   1        {
  28   2          Nixie(7,2);
  29   2        }
  30   1      }


MODULE INFORMATION:   STATIC OVERLAYABLE
   CODE SIZE        =    110    ----
   CONSTANT SIZE    =   ----    ----
   XDATA SIZE       =   ----    ----
   PDATA SIZE       =   ----    ----
   DATA SIZE        =     17    ----
   IDATA SIZE       =   ----    ----
   BIT SIZE         =   ----    ----
END OF MODULE INFORMATION.


C51 COMPILATION COMPLETE.  0 WARNING(S),  0 ERROR(S)
