C51 COMPILER V9.54   MAIN                                                                  10/29/2024 23:42:53 PAGE 1   


C51 COMPILER V9.54, COMPILATION OF MODULE MAIN
OBJECT MODULE PLACED IN .\Objects\main.obj
COMPILER INVOKED BY: D:\develop\Keil_v5\C51\BIN\C51.EXE main.c OPTIMIZE(8,SPEED) BROWSE DEBUG OBJECTEXTEND PRINT(.\Listi
                    -ngs\main.lst) TABS(2) OBJECT(.\Objects\main.obj)

line level    source

   1          #include <REGX52.H>
   2          #include "Delay.h"
   3          #include "Nixie.h"
*** WARNING C315 IN LINE 7 OF Nixie.h: unknown #directive 'enif'
   4          
   5          void main()
   6          {
   7   1        while(1)
   8   1        {
   9   2          Nixie(1,6);
  10   2          Nixie(2,6);
  11   2          Nixie(3,6);
  12   2          Nixie(4,6);
  13   2          Nixie(5,6);
  14   2          Nixie(6,6);
  15   2          Nixie(7,6);
  16   2          Nixie(8,6);
  17   2        }
  18   1      }
*** WARNING C316 IN LINE 18 OF main.c: unterminated conditionals


MODULE INFORMATION:   STATIC OVERLAYABLE
   CODE SIZE        =     74    ----
   CONSTANT SIZE    =   ----    ----
   XDATA SIZE       =   ----    ----
   PDATA SIZE       =   ----    ----
   DATA SIZE        =   ----    ----
   IDATA SIZE       =   ----    ----
   BIT SIZE         =   ----    ----
END OF MODULE INFORMATION.


C51 COMPILATION COMPLETE.  2 WARNING(S),  0 ERROR(S)
