C51 COMPILER V9.54   MAIN                                                                  11/13/2024 23:53:18 PAGE 1   


C51 COMPILER V9.54, COMPILATION OF MODULE MAIN
OBJECT MODULE PLACED IN .\Objects\main.obj
COMPILER INVOKED BY: D:\develop\Keil_v5\C51\BIN\C51.EXE main.c OPTIMIZE(8,SPEED) BROWSE DEBUG OBJECTEXTEND PRINT(.\Listi
                    -ngs\main.lst) TABS(2) OBJECT(.\Objects\main.obj)

line level    source

   1          #include <REGX52.H>
   2          #include "Delay.h"
   3          #include "MATRIXLED.h"
   4          
   5          unsigned char code Animation[]={
   6          0x00,0x00,0x1F,0x3C,0x1F,0x00,0x00,0x00, 
   7          0x00,0x00,0x07,0x1C,0x3F,0x60,0x00,0x00,
   8          };
   9          
  10          void main()
  11          {
  12   1        unsigned char i,Offset,Count=0;
  13   1        Matrix_Init();
  14   1        while(1)
  15   1        {
  16   2          for(i=0;i<8;i++)
  17   2          {
  18   3            MatrixLED_ShowColumn(i,Animation[i+Offset]);
  19   3          }
  20   2          Count++;
  21   2          if(Count>30)
  22   2          {
  23   3            Count=0;
  24   3            Offset+=8;
  25   3            if(Offset>8)
  26   3            {
  27   4              Offset=0;
  28   4            }
  29   3          }
  30   2        }
  31   1      }


MODULE INFORMATION:   STATIC OVERLAYABLE
   CODE SIZE        =     62    ----
   CONSTANT SIZE    =     16    ----
   XDATA SIZE       =   ----    ----
   PDATA SIZE       =   ----    ----
   DATA SIZE        =   ----       3
   IDATA SIZE       =   ----    ----
   BIT SIZE         =   ----    ----
END OF MODULE INFORMATION.


C51 COMPILATION COMPLETE.  0 WARNING(S),  0 ERROR(S)
