C51 COMPILER V9.54   MATRIXLED                                                             11/13/2024 12:48:04 PAGE 1   


C51 COMPILER V9.54, COMPILATION OF MODULE MATRIXLED
OBJECT MODULE PLACED IN .\Objects\MatrixLED.obj
COMPILER INVOKED BY: D:\develop\Keil_v5\C51\BIN\C51.EXE MatrixLED.c OPTIMIZE(8,SPEED) BROWSE DEBUG OBJECTEXTEND PRINT(.\
                    -Listings\MatrixLED.lst) TABS(2) OBJECT(.\Objects\MatrixLED.obj)

line level    source

   1          #include <REGX52.H>
   2          #include "Delay.h"
   3          
   4          
   5          sbit RCK = P3^5;      //RCLK
   6          sbit SCK = P3^6;      //SRCLK
   7          sbit SER = P3^4;      //SER
   8          
   9          #define MATRIX_LED_PORT P0
  10          
  11          /**
  12            * @brief 74H595写入一个字节
  13            * @param  要写入的字节
  14            * @retval 无
  15            */
  16          
  17          void _74H959_WriteByte(unsigned char Byte)
  18          {
  19   1        unsigned char i;
  20   1        for(i=0;i<8;i++)
  21   1        {
  22   2          SER=Byte&(0x80>>i);
  23   2          SCK=1;
  24   2          SCK=0;
  25   2        }
  26   1        RCK=1;  
  27   1        RCK=0;
  28   1      }
  29          
  30          /**
  31            * @brief 点阵屏初始化
  32            * @param  无
  33            * @retval 无
  34            */
  35          
  36          void Matrix_Init()
  37          {
  38   1        SCK=0;
  39   1        RCK=0;
  40   1      }
  41          
  42          /**
  43            * @brief LED点阵屏显示一列数据
  44            * @param  Column要选择的列，范围0~7,0为最左边
  45            * @param Data选择显示的数据，高位在上，1为亮，0为灭
  46            * @retval 无
  47            */
  48          
  49          void MatrixLED_ShowColumn(unsigned char Column,Data)
  50          {
  51   1        _74H959_WriteByte(Data);
  52   1        MATRIX_LED_PORT=~(0x80>>Column);
  53   1        Delay(1);
  54   1        MATRIX_LED_PORT=0xFF;
C51 COMPILER V9.54   MATRIXLED                                                             11/13/2024 12:48:04 PAGE 2   

  55   1      }
  56          


MODULE INFORMATION:   STATIC OVERLAYABLE
   CODE SIZE        =     84    ----
   CONSTANT SIZE    =   ----    ----
   XDATA SIZE       =   ----    ----
   PDATA SIZE       =   ----    ----
   DATA SIZE        =   ----    ----
   IDATA SIZE       =   ----    ----
   BIT SIZE         =   ----    ----
END OF MODULE INFORMATION.


C51 COMPILATION COMPLETE.  0 WARNING(S),  0 ERROR(S)
