C51 COMPILER V9.54   MAIN                                                                  11/27/2024 10:40:48 PAGE 1   


C51 COMPILER V9.54, COMPILATION OF MODULE MAIN
OBJECT MODULE PLACED IN .\Objects\main.obj
COMPILER INVOKED BY: D:\develop\Keil_v5\C51\BIN\C51.EXE main.c OPTIMIZE(8,SPEED) BROWSE DEBUG OBJECTEXTEND PRINT(.\Listi
                    -ngs\main.lst) TABS(2) OBJECT(.\Objects\main.obj)

line level    source

   1          #include <REGX52.H>
   2          #include "Delay.h"
   3          #include "Key.h"
   4          #include "Nixie.h"
*** WARNING C315 IN LINE 7 OF Nixie.h: unknown #directive 'enif'
   5          #include "Buzzer.h"
   6          
   7          sbit Buzzer=P2^5;
   8          
   9          unsigned char KeyNum;
  10          unsigned int i;
  11          
  12          void main()
  13          {
  14   1        Nixie(1,0);
  15   1        while(1)
  16   1        {
  17   2          KeyNum=Key();
  18   2          if(KeyNum)
  19   2          {
  20   3            Buzzer_Time(100);
  21   3            Nixie(1,KeyNum);
  22   3          }
  23   2        }
  24   1      }
*** WARNING C316 IN LINE 24 OF main.c: unterminated conditionals


MODULE INFORMATION:   STATIC OVERLAYABLE
   CODE SIZE        =     36    ----
   CONSTANT SIZE    =   ----    ----
   XDATA SIZE       =   ----    ----
   PDATA SIZE       =   ----    ----
   DATA SIZE        =      3    ----
   IDATA SIZE       =   ----    ----
   BIT SIZE         =   ----    ----
END OF MODULE INFORMATION.


C51 COMPILATION COMPLETE.  2 WARNING(S),  0 ERROR(S)
