C51 COMPILER V9.54   MAIN                                                                  10/26/2024 00:53:35 PAGE 1   


C51 COMPILER V9.54, COMPILATION OF MODULE MAIN
OBJECT MODULE PLACED IN .\Objects\main.obj
COMPILER INVOKED BY: D:\develop\Keil_v5\C51\BIN\C51.EXE main.c OPTIMIZE(8,SPEED) BROWSE DEBUG OBJECTEXTEND PRINT(.\Listi
                    -ngs\main.lst) TABS(2) OBJECT(.\Objects\main.obj)

line level    source

   1          #include <REGX52.H>
   2          #include <INTRINS.H>
   3          
   4          unsigned char NixieTable[] = {0x3F,0x06,0x5B,0x4F,0x66,0x6D,0x7D,0x07,0x7F,0x6F,0x77,0x7C,0x39,0x5E,0x79,0
             -x71,0x00};
   5          
   6          void Delay(xms)   //@11.0592MHz
   7          {
   8   1        unsigned char i, j;
   9   1        while(xms--)
  10   1        {
  11   2          _nop_();
  12   2        i = 2;
  13   2        j = 199;
  14   2        do
  15   2        {
  16   3          while (--j);
  17   3        } while (--i);
  18   2        }
  19   1        
  20   1      }
  21          
  22          
  23          void Nixie(unsigned char location,number)
  24          {
  25   1        switch(location)
  26   1        {
  27   2          case 1:P2_4 = 0;P2_3 = 0;P2_2 = 0;break;
  28   2          case 2:P2_4 = 0;P2_3 = 0;P2_2 = 1;break;
  29   2          case 3:P2_4 = 0;P2_3 = 1;P2_2 = 0;break;
  30   2          case 4:P2_4 = 0;P2_3 = 1;P2_2 = 1;break;
  31   2          case 5:P2_4 = 1;P2_3 = 0;P2_2 = 0;break;
  32   2          case 6:P2_4 = 1;P2_3 = 0;P2_2 = 1;break;
  33   2          case 7:P2_4 = 1;P2_3 = 1;P2_2 = 0;break;
  34   2          case 8:P2_4 = 1;P2_3 = 1;P2_2 = 1;break;    
  35   2        }
  36   1        P0 = NixieTable[number];
  37   1        Delay(1);
  38   1        P0 = 0x00;
  39   1      
  40   1      }
  41          
  42          
  43          void main()
  44          {
  45   1        
  46   1        while(1)
  47   1        {
  48   2          Nixie(8,6);
  49   2          //Delay(20);
  50   2          Nixie(7,6);
  51   2          //Delay(20);
  52   2          Nixie(6,6);
  53   2          //Delay(20);
C51 COMPILER V9.54   MAIN                                                                  10/26/2024 00:53:35 PAGE 2   

  54   2        }
  55   1      }
  56           


MODULE INFORMATION:   STATIC OVERLAYABLE
   CODE SIZE        =    156    ----
   CONSTANT SIZE    =   ----    ----
   XDATA SIZE       =   ----    ----
   PDATA SIZE       =   ----    ----
   DATA SIZE        =     17    ----
   IDATA SIZE       =   ----    ----
   BIT SIZE         =   ----    ----
END OF MODULE INFORMATION.


C51 COMPILATION COMPLETE.  0 WARNING(S),  0 ERROR(S)
