C51 COMPILER V9.54   MAIN                                                                  10/31/2024 18:18:02 PAGE 1   


C51 COMPILER V9.54, COMPILATION OF MODULE MAIN
OBJECT MODULE PLACED IN .\Objects\main.obj
COMPILER INVOKED BY: D:\develop\Keil_v5\C51\BIN\C51.EXE main.c OPTIMIZE(8,SPEED) BROWSE DEBUG OBJECTEXTEND PRINT(.\Listi
                    -ngs\main.lst) TABS(2) OBJECT(.\Objects\main.obj)

line level    source

   1          #include <REGX52.H>
   2          #include "Delay.h"
   3          #include "LCD1602.h"
   4          #include "MatrixKey.h"
   5          
   6          unsigned char KeyNum;
   7          unsigned int Password,Count;
   8          
   9          void main()
  10          {
  11   1        LCD_Init();
  12   1        LCD_ShowString(1,1,"Password:");
  13   1        while(1)
  14   1        {
  15   2          KeyNum = MatrixKey();
  16   2          if(KeyNum)
  17   2          {
  18   3            if(KeyNum <= 10)
  19   3            {
  20   4              if(Count < 4)
  21   4              {
  22   5                LCD_ShowString(1,14,"   ");   //更新显示
  23   5                Password*= 10;              //密码左移一位
  24   5                Password+= KeyNum % 10;     //获取一位密码
  25   5                Count++;                    //计次加一
  26   5              }
  27   4              
  28   4              LCD_ShowNum(2,1,Password,4);    //更新显示
  29   4            }
  30   3            if(KeyNum == 11)                  //如果S11按下，确认
  31   3            {
  32   4              if(Password == 2345)
  33   4              {
  34   5                LCD_ShowString(1,14,"OK ");   //显示OK
  35   5                Count = 0;                    //计次清零
  36   5                Password = 0;
  37   5                LCD_ShowNum(2,1,Password,4);  //更新显示
  38   5              }
  39   4              else
  40   4              {
  41   5                LCD_ShowString(1,14,"ERR");
  42   5                Count = 0;                    //计次清零
  43   5                Password = 0;
  44   5                LCD_ShowNum(2,1,Password,4);  //更新显示
  45   5              }
  46   4            }
  47   3            if(KeyNum == 12)//如果S12按下，取消
  48   3            {
  49   4                Count = 0;                    //计次清零
  50   4                Password = 0;
  51   4                LCD_ShowNum(2,1,Password,4);  //更新显示
  52   4                LCD_ShowString(1,14,"   ");   //更新显示
  53   4            }
  54   3          }
C51 COMPILER V9.54   MAIN                                                                  10/31/2024 18:18:02 PAGE 2   

  55   2        }
  56   1      }


MODULE INFORMATION:   STATIC OVERLAYABLE
   CODE SIZE        =    215    ----
   CONSTANT SIZE    =     22    ----
   XDATA SIZE       =   ----    ----
   PDATA SIZE       =   ----    ----
   DATA SIZE        =      5    ----
   IDATA SIZE       =   ----    ----
   BIT SIZE         =   ----    ----
END OF MODULE INFORMATION.


C51 COMPILATION COMPLETE.  0 WARNING(S),  0 ERROR(S)
