C51 COMPILER V9.54   INT0                                                                  01/03/2025 01:00:44 PAGE 1   


C51 COMPILER V9.54, COMPILATION OF MODULE INT0
OBJECT MODULE PLACED IN .\Objects\Int0.obj
COMPILER INVOKED BY: D:\develop\Keil_v5\C51\BIN\C51.EXE Int0.c OPTIMIZE(8,SPEED) BROWSE DEBUG OBJECTEXTEND PRINT(.\Listi
                    -ngs\Int0.lst) TABS(2) OBJECT(.\Objects\Int0.obj)

line level    source

   1          #include <REGX52.H>
   2          /**
   3            * @brief 外部中断初始化
   4            * @param  无
   5            * @retval 无
   6            */
   7          void Int0_Init(void)
   8          {
   9   1        IT0=1;
  10   1        IE0=0;
  11   1        EX0=1;
  12   1        EA=1;
  13   1        PX0=1;
  14   1        
  15   1      }
  16          
  17          
  18          //外部中断模版
  19          /*void Int0_Routine(void) interrupt 0
  20          {
  21            
  22          }*/


MODULE INFORMATION:   STATIC OVERLAYABLE
   CODE SIZE        =     11    ----
   CONSTANT SIZE    =   ----    ----
   XDATA SIZE       =   ----    ----
   PDATA SIZE       =   ----    ----
   DATA SIZE        =   ----    ----
   IDATA SIZE       =   ----    ----
   BIT SIZE         =   ----    ----
END OF MODULE INFORMATION.


C51 COMPILATION COMPLETE.  0 WARNING(S),  0 ERROR(S)
