C51 COMPILER V9.54   TIMER0                                                                01/03/2025 01:00:44 PAGE 1   


C51 COMPILER V9.54, COMPILATION OF MODULE TIMER0
OBJECT MODULE PLACED IN .\Objects\Timer0.obj
COMPILER INVOKED BY: D:\develop\Keil_v5\C51\BIN\C51.EXE Timer0.c OPTIMIZE(8,SPEED) BROWSE DEBUG OBJECTEXTEND PRINT(.\Lis
                    -tings\Timer0.lst) TABS(2) OBJECT(.\Objects\Timer0.obj)

line level    source

   1          #include <REGX52.H>
   2          
   3          
   4          void Timer0_Init(void)    //1毫秒@11.0592MHz
   5          {
   6   1        TMOD &= 0xF0;   //设置定时器模式
   7   1        TMOD |= 0x01;   //设置定时器模式
   8   1        TL0 = 0;    //设置定时初值
   9   1        TH0 = 0;    //设置定时初值
  10   1        TF0 = 0;    //清除TF0标志
  11   1        TR0 = 0;    //定时器0不开始计时
  12   1        
  13   1      }
  14          
  15          void Timer0_SetCounter(unsigned int Value)
  16          {
  17   1        TH0=Value/256;
  18   1        TL0=Value%256;
  19   1      }
  20          
  21          unsigned int Timer0_GetCounter(void)
  22          {
  23   1        return (TH0<<8)|TL0;
  24   1      }
  25          
  26          void Timer0_Run(unsigned char Flag)
  27          {
  28   1        TR0=Flag;
  29   1      }


MODULE INFORMATION:   STATIC OVERLAYABLE
   CODE SIZE        =     42    ----
   CONSTANT SIZE    =   ----    ----
   XDATA SIZE       =   ----    ----
   PDATA SIZE       =   ----    ----
   DATA SIZE        =   ----    ----
   IDATA SIZE       =   ----    ----
   BIT SIZE         =   ----    ----
END OF MODULE INFORMATION.


C51 COMPILATION COMPLETE.  0 WARNING(S),  0 ERROR(S)
