C51 COMPILER V9.54   TIMER1                                                                01/03/2025 01:00:44 PAGE 1   


C51 COMPILER V9.54, COMPILATION OF MODULE TIMER1
OBJECT MODULE PLACED IN .\Objects\Timer1.obj
COMPILER INVOKED BY: D:\develop\Keil_v5\C51\BIN\C51.EXE Timer1.c OPTIMIZE(8,SPEED) BROWSE DEBUG OBJECTEXTEND PRINT(.\Lis
                    -tings\Timer1.lst) TABS(2) OBJECT(.\Objects\Timer1.obj)

line level    source

   1          #include <REGX52.H>
   2          
   3          /**
   4            * @brief 定时器1初始化，100us@11.0592MHz
   5            * @param  无
   6            * @retval 无
   7            */
   8          
   9          void Timer1_Init(void)    //1毫秒@11.0592MHz
  10          {
  11   1        TMOD &= 0x0F;   //设置定时器模式
  12   1        TMOD |= 0x10;   //设置定时器模式
  13   1        TL1 = 0xA4;   //设置定时初值
  14   1        TH1 = 0xFF;   //设置定时初值
  15   1        TF1 = 0;    //清除TF0标志
  16   1        TR1 = 1;    //定时器0开始计时
  17   1        ET1 = 1;
  18   1        EA = 1;
  19   1        PT1 = 0;
  20   1      }
  21          
  22          /*
  23          定时器中断函数模版
  24          void Timer1_Rountine() interrupt 3
  25          {
  26            static unsigned int T0Count = 0;
  27            TL1 = 0xA4;   //设置定时初值
  28            TH1 = 0xFF;   //设置定时初值
  29            T0Count++;
  30            if(T0Count >= 1000)
  31            {
  32              T0Count = 0;
  33              
  34            }
  35          }
  36          */


MODULE INFORMATION:   STATIC OVERLAYABLE
   CODE SIZE        =     23    ----
   CONSTANT SIZE    =   ----    ----
   XDATA SIZE       =   ----    ----
   PDATA SIZE       =   ----    ----
   DATA SIZE        =   ----    ----
   IDATA SIZE       =   ----    ----
   BIT SIZE         =   ----    ----
END OF MODULE INFORMATION.


C51 COMPILATION COMPLETE.  0 WARNING(S),  0 ERROR(S)
