C51 COMPILER V9.54   MAIN                                                                  01/01/2025 13:50:02 PAGE 1   


C51 COMPILER V9.54, COMPILATION OF MODULE MAIN
OBJECT MODULE PLACED IN .\Objects\main.obj
COMPILER INVOKED BY: D:\develop\Keil_v5\C51\BIN\C51.EXE main.c OPTIMIZE(8,SPEED) BROWSE DEBUG OBJECTEXTEND PRINT(.\Listi
                    -ngs\main.lst) TABS(2) OBJECT(.\Objects\main.obj)

line level    source

   1          #include <REGX52.H>
   2          #include "Delay.h"
   3          #include "Key.h"
   4          #include "Nixie.h"
   5          #include "Timer0.h"
   6          
   7          sbit DA=P2^1;
   8          
   9          unsigned char Counter,Compare;
  10          unsigned char i;
  11          
  12          void main()
  13          {
  14   1        Timer0Init();
  15   1      
  16   1        while(1)
  17   1        {
  18   2          for(i=0;i<100;i++)
  19   2          {
  20   3            Compare=i;
  21   3            Delay(10);
  22   3          }
  23   2          for(i=100;i>0;i--)
  24   2          {
  25   3            Compare=i;
  26   3            Delay(10);
  27   3          }
  28   2        }
  29   1      }
  30          
  31          void Timer0_Rountine() interrupt 1
  32          {
  33   1        TL0 = 0xA4;   //设置定时初值
  34   1        TH0 = 0xFF;   //设置定时初值
  35   1        Counter++;
  36   1        if(Counter>=100) Counter=0;
  37   1        if(Counter<Compare)
  38   1        {
  39   2          DA=1;
  40   2        }
  41   1        else
  42   1        {
  43   2          DA=0;
  44   2        }
  45   1      }


MODULE INFORMATION:   STATIC OVERLAYABLE
   CODE SIZE        =     89    ----
   CONSTANT SIZE    =   ----    ----
   XDATA SIZE       =   ----    ----
   PDATA SIZE       =   ----    ----
   DATA SIZE        =      3    ----
   IDATA SIZE       =   ----    ----
C51 COMPILER V9.54   MAIN                                                                  01/01/2025 13:50:02 PAGE 2   

   BIT SIZE         =   ----    ----
END OF MODULE INFORMATION.


C51 COMPILATION COMPLETE.  0 WARNING(S),  0 ERROR(S)
