C51 COMPILER V9.54   XPT2046                                                               01/01/2025 13:40:38 PAGE 1   


C51 COMPILER V9.54, COMPILATION OF MODULE XPT2046
OBJECT MODULE PLACED IN .\Objects\XPT2046.obj
COMPILER INVOKED BY: D:\develop\Keil_v5\C51\BIN\C51.EXE XPT2046.c OPTIMIZE(8,SPEED) BROWSE DEBUG OBJECTEXTEND PRINT(.\Li
                    -stings\XPT2046.lst) TABS(2) OBJECT(.\Objects\XPT2046.obj)

line level    source

   1          #include <REGX52.H>
   2          #include "Delay.h"
   3          
   4          sbit XPT2046_CS=P3^5;
   5          sbit XPT2046_DCLK=P3^6;
   6          sbit XPT2046_DIN=P3^4;
   7          sbit XPT2046_DOUT=P3^7;
   8          
   9          unsigned int XPT2046_ReadAD(unsigned char Command)
  10          {
  11   1        unsigned char i;
  12   1        unsigned int ADValue=0;
  13   1        XPT2046_DCLK=0;
  14   1        XPT2046_CS=0;
  15   1        
  16   1        for(i=0;i<8;i++)
  17   1        {
  18   2          XPT2046_DIN=Command&(0x80>>i);
  19   2          XPT2046_DCLK=1;
  20   2          XPT2046_DCLK=0;
  21   2        }
  22   1        for(i=0;i<16;i++)
  23   1        {
  24   2          XPT2046_DCLK=1;
  25   2          Delay(1);
  26   2          XPT2046_DCLK=0;
  27   2          Delay(1);
  28   2          if(XPT2046_DOUT){ADValue|=(0x8000>>i);}
  29   2        }
  30   1        
  31   1        XPT2046_CS=1;
  32   1        
  33   1        if(Command&0x08)
  34   1        {
  35   2          return ADValue>>8;
  36   2        }
  37   1        else
  38   1        {
  39   2          return ADValue>>4;
  40   2        }
  41   1      }


MODULE INFORMATION:   STATIC OVERLAYABLE
   CODE SIZE        =    132    ----
   CONSTANT SIZE    =   ----    ----
   XDATA SIZE       =   ----    ----
   PDATA SIZE       =   ----    ----
   DATA SIZE        =   ----       4
   IDATA SIZE       =   ----    ----
   BIT SIZE         =   ----    ----
END OF MODULE INFORMATION.


C51 COMPILATION COMPLETE.  0 WARNING(S),  0 ERROR(S)
