C51 COMPILER V9.54   AT24C02                                                               12/03/2024 14:51:11 PAGE 1   


C51 COMPILER V9.54, COMPILATION OF MODULE AT24C02
OBJECT MODULE PLACED IN .\Objects\AT24C02.obj
COMPILER INVOKED BY: D:\develop\Keil_v5\C51\BIN\C51.EXE AT24C02.c OPTIMIZE(8,SPEED) BROWSE DEBUG OBJECTEXTEND PRINT(.\Li
                    -stings\AT24C02.lst) TABS(2) OBJECT(.\Objects\AT24C02.obj)

line level    source

   1          #include <REGX52.H>
   2          #include "I2C.h"
   3          
   4          #define AT24C02_ADDRESS 0XA0
   5          
   6          /**
   7            * @brief AT24C02写入一个字节
   8            * @param  WordAddress要写入字节的地址
   9            * @param Data 要写入的数据
  10            * @retval 无
  11            */
  12          
  13          void AT24C02_WriteByte(unsigned char WordAddress,Data)
  14          {
  15   1        I2C_Start();
  16   1        I2C_SendByte(AT24C02_ADDRESS);
  17   1        I2C_ReceiveAck();
  18   1        I2C_SendByte(WordAddress);
  19   1        I2C_ReceiveAck();
  20   1        I2C_SendByte(Data);
  21   1        I2C_ReceiveAck();
  22   1        I2C_Stop();
  23   1      }
  24          
  25          /**
  26            * @brief AT24C02读取一个字节
  27            * @param  WordAddress要读出字节的地址
  28            * @retval 读出的数据
  29            */
  30          
  31          unsigned char AT24C02_ReadByte(unsigned char WordAddress)
  32          {
  33   1        unsigned char Data;
  34   1        
  35   1        I2C_Start();
  36   1        I2C_SendByte(AT24C02_ADDRESS);
  37   1        I2C_ReceiveAck();
  38   1        I2C_SendByte(WordAddress);
  39   1        I2C_ReceiveAck();
  40   1        I2C_Start();
  41   1        I2C_SendByte(AT24C02_ADDRESS|0x01);
  42   1        I2C_ReceiveAck();
  43   1        Data=I2C_ReceiveByte();
  44   1        I2C_SendAck(1);
  45   1        I2C_Stop;
*** WARNING C275 IN LINE 45 OF AT24C02.c: expression with possibly no effect
  46   1        
  47   1        return Data;
  48   1      }


MODULE INFORMATION:   STATIC OVERLAYABLE
   CODE SIZE        =     81    ----
   CONSTANT SIZE    =   ----    ----
C51 COMPILER V9.54   AT24C02                                                               12/03/2024 14:51:11 PAGE 2   

   XDATA SIZE       =   ----    ----
   PDATA SIZE       =   ----    ----
   DATA SIZE        =   ----       5
   IDATA SIZE       =   ----    ----
   BIT SIZE         =   ----    ----
END OF MODULE INFORMATION.


C51 COMPILATION COMPLETE.  1 WARNING(S),  0 ERROR(S)
