C51 COMPILER V9.54   KEY                                                                   12/02/2024 20:40:44 PAGE 1   


C51 COMPILER V9.54, COMPILATION OF MODULE KEY
OBJECT MODULE PLACED IN .\Objects\Key.obj
COMPILER INVOKED BY: D:\develop\Keil_v5\C51\BIN\C51.EXE Key.c OPTIMIZE(8,SPEED) BROWSE DEBUG OBJECTEXTEND PRINT(.\Listin
                    -gs\Key.lst) TABS(2) OBJECT(.\Objects\Key.obj)

line level    source

   1          #include <REGX52.H>
   2          #include "Delay.h"
   3          
   4          unsigned char Key_KeyNum;
   5          
   6          unsigned char Key(void)
   7          {
   8   1        unsigned char Temp;
   9   1        Temp=Key_KeyNum;
  10   1        Key_KeyNum=0;
  11   1        return Temp;
  12   1      }
  13          
  14          /**
  15            * @brief 获取独立按键的键码
  16            * @param  无
  17            * @retval 按下按键的键码，范围：0~4，无按键按下时返回值为0
  18            */
  19          
  20          unsigned char Key_GetState()
  21          {
  22   1        unsigned char KeyNumber = 0;
  23   1        
  24   1        if(P3_1 == 0){KeyNumber = 1;}
  25   1        if(P3_0 == 0){KeyNumber = 2;}
  26   1        if(P3_2 == 0){KeyNumber = 3;}
  27   1        if(P3_3 == 0){KeyNumber = 4;}
  28   1        
  29   1        return KeyNumber;
  30   1      }
  31          
  32          void Key_Loop(void)
  33          {
  34   1        static unsigned char NowState,LastState;
  35   1        LastState=NowState;
  36   1        NowState=Key_GetState();
  37   1        if(LastState==1&&NowState==0)
  38   1        {
  39   2          Key_KeyNum=1;
  40   2        }
  41   1        if(LastState==2&&NowState==0)
  42   1        {
  43   2          Key_KeyNum=2;
  44   2        }
  45   1        if(LastState==3&&NowState==0)
  46   1        {
  47   2          Key_KeyNum=3;
  48   2        }
  49   1        if(LastState==4&&NowState==0)
  50   1        {
  51   2          Key_KeyNum=4;
  52   2        }
  53   1      }

C51 COMPILER V9.54   KEY                                                                   12/02/2024 20:40:44 PAGE 2   


MODULE INFORMATION:   STATIC OVERLAYABLE
   CODE SIZE        =     85    ----
   CONSTANT SIZE    =   ----    ----
   XDATA SIZE       =   ----    ----
   PDATA SIZE       =   ----    ----
   DATA SIZE        =      3    ----
   IDATA SIZE       =   ----    ----
   BIT SIZE         =   ----    ----
END OF MODULE INFORMATION.


C51 COMPILATION COMPLETE.  0 WARNING(S),  0 ERROR(S)
