C51 COMPILER V9.54   MAIN                                                                  12/03/2024 14:51:34 PAGE 1   


C51 COMPILER V9.54, COMPILATION OF MODULE MAIN
OBJECT MODULE PLACED IN .\Objects\main.obj
COMPILER INVOKED BY: D:\develop\Keil_v5\C51\BIN\C51.EXE main.c OPTIMIZE(8,SPEED) BROWSE DEBUG OBJECTEXTEND PRINT(.\Listi
                    -ngs\main.lst) TABS(2) OBJECT(.\Objects\main.obj)

line level    source

   1          #include <REGX52.H>
   2          #include "Delay.h"
   3          #include "Key.h"
   4          #include "Timer0.h"
   5          #include "Nixie.h"
   6          #include "AT24C02.h"
   7          #include "I2C.h"
   8          
   9          unsigned char KeyNum;
  10          unsigned char Sec,Min,MiniSec;
  11          unsigned char RunFlag;
  12          
  13          void main()
  14          {
  15   1        Timer0_Init();
  16   1        while(1)
  17   1        {
  18   2          KeyNum=Key();
  19   2          if(KeyNum==1)
  20   2          {
  21   3            RunFlag=!RunFlag;
  22   3          }
  23   2          if(KeyNum==2)
  24   2          {
  25   3            Min=0;
  26   3            Sec=0;
  27   3            MiniSec=0;
  28   3          }
  29   2          if(KeyNum==3)
  30   2          {
  31   3            AT24C02_WriteByte(0,Min);
  32   3            Delay(5);
  33   3            AT24C02_WriteByte(1,Sec);
  34   3            Delay(5);
  35   3            AT24C02_WriteByte(2,MiniSec);
  36   3            Delay(5);
  37   3          }
  38   2          if(KeyNum==4)
  39   2          {
  40   3            Min=AT24C02_ReadByte(0);
  41   3            Sec=AT24C02_ReadByte(1);
  42   3            MiniSec=AT24C02_ReadByte(2);
  43   3          }
  44   2            Nixie_SetBuf(1,Min/10);
  45   2            Nixie_SetBuf(2,Min%10);
  46   2            Nixie_SetBuf(3,11);
  47   2            Nixie_SetBuf(4,Sec/10);
  48   2            Nixie_SetBuf(5,Sec%10);
  49   2            Nixie_SetBuf(6,11);
  50   2            Nixie_SetBuf(7,MiniSec/10);
  51   2            Nixie_SetBuf(8,MiniSec%10);
  52   2        }
  53   1      }
  54          
C51 COMPILER V9.54   MAIN                                                                  12/03/2024 14:51:34 PAGE 2   

  55          void Sec_Loop(void)
  56          {
  57   1        if(RunFlag)
  58   1        {
  59   2          MiniSec++;
  60   2          if(MiniSec>=100)
  61   2          {
  62   3            MiniSec=0;
  63   3            Sec++;
  64   3            if(Sec>=60)
  65   3            {
  66   4              Sec=0;
  67   4              Min++;
  68   4              if(Min>=60)
  69   4              {
  70   5                Min=0;
  71   5              }
  72   4            }
  73   3          }
  74   2        }
  75   1      
  76   1      }
  77          
  78          void Timer0_Rountine() interrupt 1
  79          {
  80   1        static unsigned int T0Count1,T0Count2,T0Count3;
  81   1        TH0 = 0xFC;
  82   1        TL0 = 0x66;
  83   1        T0Count1++;
  84   1        if(T0Count1 >= 20)
  85   1        {
  86   2          T0Count1 = 0;
  87   2          Key_Loop();
  88   2        }
  89   1        T0Count2++;
  90   1        if(T0Count2 >= 2)
  91   1        {
  92   2          T0Count2 = 0;
  93   2          Nixie_Loop();
  94   2        }
  95   1        T0Count3++;
  96   1        if(T0Count3 >= 10)
  97   1        {
  98   2          T0Count3 = 0;
  99   2          Sec_Loop();
 100   2        }
 101   1      }


MODULE INFORMATION:   STATIC OVERLAYABLE
   CODE SIZE        =    410    ----
   CONSTANT SIZE    =   ----    ----
   XDATA SIZE       =   ----    ----
   PDATA SIZE       =   ----    ----
   DATA SIZE        =     11    ----
   IDATA SIZE       =   ----    ----
   BIT SIZE         =   ----    ----
END OF MODULE INFORMATION.


C51 COMPILATION COMPLETE.  0 WARNING(S),  0 ERROR(S)
