C51 COMPILER V9.54   MAIN                                                                  10/16/2024 23:42:45 PAGE 1   


C51 COMPILER V9.54, COMPILATION OF MODULE MAIN
OBJECT MODULE PLACED IN .\Objects\main.obj
COMPILER INVOKED BY: D:\develop\Keil_v5\C51\BIN\C51.EXE main.c OPTIMIZE(8,SPEED) BROWSE DEBUG OBJECTEXTEND PRINT(.\Listi
                    -ngs\main.lst) TABS(2) OBJECT(.\Objects\main.obj)

line level    source

   1          #include <REGX52.H>
   2          #include <INTRINS.H>
   3          
   4          void Delay500ms()   //@12.000MHz
   5          {
   6   1        unsigned char i, j, k;
   7   1      
   8   1        _nop_();
   9   1        _nop_();
  10   1        i = 23;
  11   1        j = 205;
  12   1        k = 120;
  13   1        do
  14   1        {
  15   2          do
  16   2          {
  17   3            while (--k);
  18   3          } while (--j);
  19   2        } while (--i);
  20   1      }
  21          
  22          
  23          
  24          void main()
  25          {
  26   1        while(1)
  27   1        {
  28   2          P2=0xFE;//1111 1110
  29   2          Delay500ms();
  30   2          P2=0xFD;//1111 1101
  31   2          Delay500ms();
  32   2          P2=0xFB;//1111 1011
  33   2          Delay500ms();
  34   2          P2=0xF7;//1111 0111
  35   2          Delay500ms();
  36   2          P2=0xEF;//1110 1111
  37   2          Delay500ms();
  38   2          P2=0xDF;//1101 1111
  39   2          Delay500ms();
  40   2          P2=0xBF;//1011 1111
  41   2          Delay500ms();
  42   2          P2=0x7F;//0111 1111
  43   2          Delay500ms();
  44   2        }
  45   1      }


MODULE INFORMATION:   STATIC OVERLAYABLE
   CODE SIZE        =     65    ----
   CONSTANT SIZE    =   ----    ----
   XDATA SIZE       =   ----    ----
   PDATA SIZE       =   ----    ----
   DATA SIZE        =   ----    ----
   IDATA SIZE       =   ----    ----
C51 COMPILER V9.54   MAIN                                                                  10/16/2024 23:42:45 PAGE 2   

   BIT SIZE         =   ----    ----
END OF MODULE INFORMATION.


C51 COMPILATION COMPLETE.  0 WARNING(S),  0 ERROR(S)
