C51 COMPILER V9.54   MAIN                                                                  10/26/2024 01:06:40 PAGE 1   


C51 COMPILER V9.54, COMPILATION OF MODULE MAIN
OBJECT MODULE PLACED IN .\Objects\main.obj
COMPILER INVOKED BY: D:\develop\Keil_v5\C51\BIN\C51.EXE main.c OPTIMIZE(8,SPEED) BROWSE DEBUG OBJECTEXTEND PRINT(.\Listi
                    -ngs\main.lst) TABS(2) OBJECT(.\Objects\main.obj)

line level    source

   1          #include <REGX52.H>
   2          #include <INTRINS.H>
   3          
   4          
   5          void Delay(xms)   //@11.0592MHz
   6          {
   7   1        unsigned char i, j;
   8   1        while(xms--)
   9   1        {
  10   2          _nop_();
  11   2        i = 2;
  12   2        j = 199;
  13   2        do
  14   2        {
  15   3          while (--j);
  16   3        } while (--i);
  17   2        }
  18   1        
  19   1      }
  20          
  21          
  22          void Nixie(unsigned char location)
  23          {
  24   1        switch(location)
  25   1        {
  26   2          case 1:P2_4 = 0;P2_3 = 0;P2_2 = 0;break;
  27   2          case 2:P2_4 = 0;P2_3 = 0;P2_2 = 1;break;
  28   2          case 3:P2_4 = 0;P2_3 = 1;P2_2 = 0;break;
  29   2          case 4:P2_4 = 0;P2_3 = 1;P2_2 = 1;break;
  30   2          case 5:P2_4 = 1;P2_3 = 0;P2_2 = 0;break;
  31   2          case 6:P2_4 = 1;P2_3 = 0;P2_2 = 1;break;
  32   2          case 7:P2_4 = 1;P2_3 = 1;P2_2 = 0;break;
  33   2          case 8:P2_4 = 1;P2_3 = 1;P2_2 = 1;break;    
  34   2        }
  35   1        
  36   1        
  37   1      
  38   1      }
  39          
  40          
  41          void main()
  42          {
  43   1        
  44   1        while(1)
  45   1        {
  46   2          Nixie(8);
  47   2          P0 = 0x6D;
  48   2          Delay(1);
  49   2          P0 = 0x00;
  50   2          Nixie(7);
  51   2          P0 = 0x7F;
  52   2          Delay(1);
  53   2          P0 = 0x00;
  54   2        }
C51 COMPILER V9.54   MAIN                                                                  10/26/2024 01:06:40 PAGE 2   

  55   1      }
  56           


MODULE INFORMATION:   STATIC OVERLAYABLE
   CODE SIZE        =    149    ----
   CONSTANT SIZE    =   ----    ----
   XDATA SIZE       =   ----    ----
   PDATA SIZE       =   ----    ----
   DATA SIZE        =   ----    ----
   IDATA SIZE       =   ----    ----
   BIT SIZE         =   ----    ----
END OF MODULE INFORMATION.


C51 COMPILATION COMPLETE.  0 WARNING(S),  0 ERROR(S)
