C51 COMPILER V9.54   MAIN                                                                  10/17/2024 00:05:59 PAGE 1   


C51 COMPILER V9.54, COMPILATION OF MODULE MAIN
OBJECT MODULE PLACED IN .\Objects\main.obj
COMPILER INVOKED BY: D:\develop\Keil_v5\C51\BIN\C51.EXE main.c OPTIMIZE(8,SPEED) BROWSE DEBUG OBJECTEXTEND PRINT(.\Listi
                    -ngs\main.lst) TABS(2) OBJECT(.\Objects\main.obj)

line level    source

   1          #include <REGX52.H>
   2          #include <INTRINS.H>
   3          
   4          void Delay1ms(unsigned int xms)   //@11.0592MHz
   5          {
   6   1        while(xms)
   7   1        {
   8   2          unsigned char i, j;
   9   2      
  10   2        _nop_();
  11   2        _nop_();
  12   2        _nop_();
  13   2        i = 11;
  14   2        j = 190;
  15   2        do
  16   2        {
  17   3          while (--j);
  18   3        } while (--i);
  19   2          xms--;
  20   2        }
  21   1        
  22   1      }
  23          
  24          void main()
  25          {
  26   1        while(1)
  27   1      {
  28   2        P2=0xFE;//1111 1110
  29   2        Delay1ms(50);
  30   2        P2=0xFD;//1111 1101
  31   2        Delay1ms(50);
  32   2        P2=0xFB;//1111 1011
  33   2        Delay1ms(50);
  34   2        P2=0xF7;//1111 0111
  35   2        Delay1ms(50);
  36   2        P2=0xEF;//1110 1111
  37   2        Delay1ms(50);
  38   2        P2=0xDF;//1101 1111
  39   2        Delay1ms(50);
  40   2        P2=0xBF;//1011 1111
  41   2        Delay1ms(50);
  42   2        P2=0x7F;//0111 1111
  43   2        Delay1ms(50);
  44   2      }
  45   1      }


MODULE INFORMATION:   STATIC OVERLAYABLE
   CODE SIZE        =     81    ----
   CONSTANT SIZE    =   ----    ----
   XDATA SIZE       =   ----    ----
   PDATA SIZE       =   ----    ----
   DATA SIZE        =   ----       2
   IDATA SIZE       =   ----    ----
C51 COMPILER V9.54   MAIN                                                                  10/17/2024 00:05:59 PAGE 2   

   BIT SIZE         =   ----    ----
END OF MODULE INFORMATION.


C51 COMPILATION COMPLETE.  0 WARNING(S),  0 ERROR(S)
