C51 COMPILER V9.54   MAIN                                                                  10/24/2024 20:47:37 PAGE 1   


C51 COMPILER V9.54, COMPILATION OF MODULE MAIN
OBJECT MODULE PLACED IN .\Objects\main.obj
COMPILER INVOKED BY: D:\develop\Keil_v5\C51\BIN\C51.EXE main.c OPTIMIZE(8,SPEED) BROWSE DEBUG OBJECTEXTEND PRINT(.\Listi
                    -ngs\main.lst) TABS(2) OBJECT(.\Objects\main.obj)

line level    source

   1          #include <REGX52.H>
   2          #include <INTRINS.H>
   3          
   4          void Delay(unsigned int xms)    //@11.0592MHz
   5          {
   6   1        unsigned char i, j;
   7   1        while(xms--)
   8   1        {
   9   2            _nop_();
  10   2          i = 2;
  11   2          j = 199;
  12   2          do
  13   2          {
  14   3            while (--j);
  15   3          } while (--i);
  16   2        }
  17   1        
  18   1      }
  19          
  20          
  21          void main()
  22          {
  23   1        unsigned char LEDNum = 0;
  24   1        while(1)
  25   1        {
  26   2          if(P3_1 == 0)
  27   2          {
  28   3            Delay(20);
  29   3            while(P3_1 == 0);
  30   3            Delay(20);
  31   3            
  32   3            LEDNum++;
  33   3            P2 =~ LEDNum;
  34   3          }
  35   2        }
  36   1      }


MODULE INFORMATION:   STATIC OVERLAYABLE
   CODE SIZE        =     51    ----
   CONSTANT SIZE    =   ----    ----
   XDATA SIZE       =   ----    ----
   PDATA SIZE       =   ----    ----
   DATA SIZE        =   ----    ----
   IDATA SIZE       =   ----    ----
   BIT SIZE         =   ----    ----
END OF MODULE INFORMATION.


C51 COMPILATION COMPLETE.  0 WARNING(S),  0 ERROR(S)
