C51 COMPILER V9.54   MAIN                                                                  12/11/2024 16:51:40 PAGE 1   


C51 COMPILER V9.54, COMPILATION OF MODULE MAIN
OBJECT MODULE PLACED IN .\Objects\main.obj
COMPILER INVOKED BY: D:\develop\Keil_v5\C51\BIN\C51.EXE main.c OPTIMIZE(8,SPEED) BROWSE DEBUG OBJECTEXTEND PRINT(.\Listi
                    -ngs\main.lst) TABS(2) OBJECT(.\Objects\main.obj)

line level    source

   1          #include <REGX52.H>
   2          #include "Delay.h"
   3          #include "LCD1602.h"
   4          #include "OneWire.h"
   5          #include "DS18B20.h"
   6          
   7          float T;
   8          
   9          void main()
  10          {
  11   1        DS18B20_ConvertT();
  12   1        Delay(1000);
  13   1        LCD_Init();
  14   1        LCD_ShowString(1,1,"Temperatuer:");
  15   1        while (1)
  16   1        {
  17   2          DS18B20_ConvertT();
  18   2          T=DS18B20_ReadT();
  19   2          if(T<0)
  20   2          {
  21   3            LCD_ShowChar(2,1,'-');
  22   3            T=-T;
  23   3          }
  24   2          else
  25   2          {
  26   3            LCD_ShowChar(2,1,'+');
  27   3          }
  28   2          LCD_ShowNum(2,2,T,3);
  29   2          LCD_ShowChar(2,5,'.');
  30   2          LCD_ShowNum(2,6,(unsigned long)(T*10000)%10000,4);
  31   2        }
  32   1      }


MODULE INFORMATION:   STATIC OVERLAYABLE
   CODE SIZE        =    176    ----
   CONSTANT SIZE    =     13    ----
   XDATA SIZE       =   ----    ----
   PDATA SIZE       =   ----    ----
   DATA SIZE        =      4    ----
   IDATA SIZE       =   ----    ----
   BIT SIZE         =   ----    ----
END OF MODULE INFORMATION.


C51 COMPILATION COMPLETE.  0 WARNING(S),  0 ERROR(S)
