C51 COMPILER V9.54   ONEWIRE                                                               12/11/2024 16:42:20 PAGE 1   


C51 COMPILER V9.54, COMPILATION OF MODULE ONEWIRE
OBJECT MODULE PLACED IN .\Objects\OneWire.obj
COMPILER INVOKED BY: D:\develop\Keil_v5\C51\BIN\C51.EXE OneWire.c OPTIMIZE(8,SPEED) BROWSE DEBUG OBJECTEXTEND PRINT(.\Li
                    -stings\OneWire.lst) TABS(2) OBJECT(.\Objects\OneWire.obj)

line level    source

   1          #include <INTRINS.H>
   2          #include <REGX52.H>
   3          
   4          sbit OneWire_DQ=P3^7;
   5          
   6          unsigned char OneWire_Init(void)
   7          {
   8   1        unsigned char i;
   9   1        unsigned char AckBit;
  10   1        OneWire_DQ=1;
  11   1        OneWire_DQ=0;
  12   1        i = 247;while (--i);  //Delay 500us
  13   1        OneWire_DQ=1;
  14   1        i = 29;while (--i);   //Delay 70us
  15   1        AckBit=OneWire_DQ;
  16   1        i = 247;while (--i);  //Delay 500us
  17   1        return AckBit;
  18   1      }
  19          
  20          void OneWire_SendBit(unsigned char Bit)
  21          {
  22   1        unsigned char i;
  23   1        OneWire_DQ=0;
  24   1        i = 3;while (--i);  //Delay 10us
  25   1        OneWire_DQ=Bit;
  26   1        i = 22;while (--i);  //Delay 50us
  27   1        OneWire_DQ=1;
  28   1      }
  29          
  30          unsigned char OneWire_ReceiveBit(void)
  31          {
  32   1        unsigned char Bit;
  33   1        unsigned char i;
  34   1        OneWire_DQ=0;
  35   1        i = 1;while (--i);  //Delay 5us
  36   1        OneWire_DQ=1;
  37   1        i = 1;while (--i);  //Delay 5us
  38   1        Bit=OneWire_DQ;
  39   1        i = 22;while (--i);  //Delay 50us
  40   1        return Bit;
  41   1      }
  42          
  43          void OneWire_SendByte(unsigned char Byte)
  44          {
  45   1        unsigned char i;
  46   1        for(i=0;i<8;i++)
  47   1        {
  48   2          OneWire_SendBit(Byte&(0x01<<i));
  49   2        }
  50   1      }
  51          
  52          unsigned char OneWire_ReceiveByte(void)
  53          {
  54   1        unsigned char i;
C51 COMPILER V9.54   ONEWIRE                                                               12/11/2024 16:42:20 PAGE 2   

  55   1        unsigned char Byte=0x00;
  56   1        for(i=0;i<8;i++)
  57   1        {
  58   2          if(OneWire_ReceiveBit()){Byte|=(0x01<<i);}
  59   2        }
  60   1        return Byte;
  61   1      }


MODULE INFORMATION:   STATIC OVERLAYABLE
   CODE SIZE        =    122    ----
   CONSTANT SIZE    =   ----    ----
   XDATA SIZE       =   ----    ----
   PDATA SIZE       =   ----    ----
   DATA SIZE        =   ----    ----
   IDATA SIZE       =   ----    ----
   BIT SIZE         =   ----    ----
END OF MODULE INFORMATION.


C51 COMPILATION COMPLETE.  0 WARNING(S),  0 ERROR(S)
