C51 COMPILER V9.54   MAIN                                                                  11/13/2024 12:38:36 PAGE 1   


C51 COMPILER V9.54, COMPILATION OF MODULE MAIN
OBJECT MODULE PLACED IN .\Objects\main.obj
COMPILER INVOKED BY: D:\develop\Keil_v5\C51\BIN\C51.EXE main.c OPTIMIZE(8,SPEED) BROWSE DEBUG OBJECTEXTEND PRINT(.\Listi
                    -ngs\main.lst) TABS(2) OBJECT(.\Objects\main.obj)

line level    source

   1          #include <REGX52.H>
   2          #include "Delay.h"
   3          
   4          
   5          sbit RCK = P3^5;      //RCLK
   6          sbit SCK = P3^6;      //SRCLK
   7          sbit SER = P3^4;      //SER
   8          
   9          #define MATRIX_LED_PORT P0
  10          
  11          void _74H959_WriteByte(unsigned char Byte)
  12          {
  13   1        unsigned char i;
  14   1        for(i=0;i<8;i++)
  15   1        {
  16   2          SER=Byte&(0x80>>i);
  17   2          SCK=1;
  18   2          SCK=0;
  19   2        }
  20   1        RCK=1;  
  21   1        RCK=0;
  22   1      }
  23          
  24          void MatrixLED_ShowColumn(unsigned char Column,Data)
  25          {
  26   1        _74H959_WriteByte(Data);
  27   1        MATRIX_LED_PORT=~(0x80>>Column);
  28   1        Delay(1);
  29   1        MATRIX_LED_PORT=0xFF;
  30   1      }
  31          
  32          
  33          void main()
  34          {
  35   1        SCK=0;
  36   1        RCK=0;
  37   1        
  38   1        while(1)
  39   1        {
  40   2          MatrixLED_ShowColumn(0,0x3C);
  41   2          MatrixLED_ShowColumn(1,0x42);
  42   2          MatrixLED_ShowColumn(2,0xA9);
  43   2          MatrixLED_ShowColumn(3,0x85);
  44   2          MatrixLED_ShowColumn(4,0x85);
  45   2          MatrixLED_ShowColumn(5,0xA9);
  46   2          MatrixLED_ShowColumn(6,0x42);
  47   2          MatrixLED_ShowColumn(7,0x3C);
  48   2        }
  49   1      }


MODULE INFORMATION:   STATIC OVERLAYABLE
   CODE SIZE        =    157    ----
   CONSTANT SIZE    =   ----    ----
C51 COMPILER V9.54   MAIN                                                                  11/13/2024 12:38:36 PAGE 2   

   XDATA SIZE       =   ----    ----
   PDATA SIZE       =   ----    ----
   DATA SIZE        =   ----    ----
   IDATA SIZE       =   ----    ----
   BIT SIZE         =   ----    ----
END OF MODULE INFORMATION.


C51 COMPILATION COMPLETE.  0 WARNING(S),  0 ERROR(S)
