C51 COMPILER V9.54   DS1302                                                                11/25/2024 19:32:49 PAGE 1   


C51 COMPILER V9.54, COMPILATION OF MODULE DS1302
OBJECT MODULE PLACED IN .\Objects\DS1302.obj
COMPILER INVOKED BY: D:\develop\Keil_v5\C51\BIN\C51.EXE DS1302.c OPTIMIZE(8,SPEED) BROWSE DEBUG OBJECTEXTEND PRINT(.\Lis
                    -tings\DS1302.lst) TABS(2) OBJECT(.\Objects\DS1302.obj)

line level    source

   1          #include <REGX52.H>
   2          
   3          sbit DS1302_SLCK=P3^6;
   4          sbit DS1302_IO=P3^4;
   5          sbit DS1302_CE=P3^5;
   6          
   7          #define DS1302_Second   0x80
   8          #define DS1302_Minute   0x82
   9          #define DS1302_Hour     0x84
  10          #define DS1302_Date     0x86
  11          #define DS1302_Month    0x88
  12          #define DS1302_Day      0x8A
  13          #define DS1302_Year     0x8C
  14          #define DS1302_WP       0x8E
  15          
  16          char DS1302_Time[]={24,11,18,20,24,58};   //å®šä¹‰çš„æ—¶é—´æ•°æ®ï¼Œä»å³è‡³å·¦åˆ†åˆ«ä¸ºå¹´ï¼Œæœˆï¼Œæ—¥ï¼
             -Œå°æ—¶ï¼Œåˆ†é’Ÿï¼Œç§’ï¼Œæ˜ŸæœŸã€‚
  17          
  18          /**
  19            * @brief DS1302åˆå§‹åŒ–
  20            * @param  æ— 
  21            * @retval æ— 
  22            */
  23          
  24          void DS1302_Init(void)
  25          {
  26   1        DS1302_CE=0;
  27   1        DS1302_SLCK=0;
  28   1      }
  29          
  30          /**
  31            * @brief å°†æ•°æ®å†™å…¥DS1302
  32            * @param  å†™å…¥çš„å¯„å­˜å™¨åœ°å€CommondåŠæ•°æ®Data
  33            * @retval æ— 
  34            */
  35          
  36          void DS1302_WriteByte(unsigned char Commond,Data)
  37          {
  38   1        unsigned char i;
  39   1        DS1302_CE=1;
  40   1        
  41   1        for(i=0;i<8;i++)
  42   1        {
  43   2          DS1302_IO=Commond&(0x01<<i);
  44   2          DS1302_SLCK=1;
  45   2          DS1302_SLCK=0;  
  46   2        }
  47   1        for(i=0;i<8;i++)
  48   1        {
  49   2          DS1302_IO=Data&(0x01<<i);
  50   2          DS1302_SLCK=1;
  51   2          DS1302_SLCK=0;  
  52   2        }
  53   1      
C51 COMPILER V9.54   DS1302                                                                11/25/2024 19:32:49 PAGE 2   

  54   1          DS1302_CE=0;
  55   1      }
  56          
  57          /**
  58            * @brief ä»DS1302å¯„å­˜å™¨ä¸­è¯»å–æ•°æ®
  59            * @param  éœ€è¦è¯»å–çš„å¯„å­˜å™¨çš„åœ°å€Commond
  60            * @retval å¯„å­˜å™¨ä¸­çš„æ•°æ®
  61            */
  62          
  63          unsigned char DS1302_ReadByte(unsigned char Commond)
  64          {
  65   1        unsigned char i,Data=0x00;
  66   1        Commond|=0x01;
  67   1        DS1302_CE=1;
  68   1        for(i=0;i<8;i++)
  69   1        {
  70   2          DS1302_IO=Commond&(0x01<<i);
  71   2          DS1302_SLCK=0;
  72   2          DS1302_SLCK=1;  
  73   2        }
  74   1        for(i=0;i<8;i++)
  75   1        {
  76   2          DS1302_SLCK=1;
  77   2          DS1302_SLCK=0;
  78   2          if(DS1302_IO) {Data|=(0x01<<i);}
  79   2        }
  80   1        DS1302_CE=0;
  81   1        DS1302_IO=0;
  82   1        return Data;
  83   1      
  84   1      }
  85          
  86          /**
  87            * @brief è®¾å®šDS1302å®šæ—¶å™¨çš„æ—¶é’Ÿæ•°æ®
  88            * @param  æ— 
  89            * @retval æ— 
  90            */
  91          
  92          void DS1302_SetTime(void)
  93          {
  94   1        DS1302_WriteByte(DS1302_WP,0x00);
  95   1        DS1302_WriteByte(DS1302_Year,DS1302_Time[0]/10*16+DS1302_Time[0]%10);
  96   1        DS1302_WriteByte(DS1302_Month,DS1302_Time[1]/10*16+DS1302_Time[1]%10);
  97   1        DS1302_WriteByte(DS1302_Date,DS1302_Time[2]/10*16+DS1302_Time[2]%10);
  98   1        DS1302_WriteByte(DS1302_Hour,DS1302_Time[3]/10*16+DS1302_Time[3]%10);
  99   1        DS1302_WriteByte(DS1302_Minute,DS1302_Time[4]/10*16+DS1302_Time[4]%10);
 100   1        DS1302_WriteByte(DS1302_Second,DS1302_Time[5]/10*16+DS1302_Time[5]%10);
 101   1        DS1302_WriteByte(DS1302_Day,DS1302_Time[6]/10*16+DS1302_Time[6]%10);
 102   1        DS1302_WriteByte(DS1302_WP,0x80);
 103   1      }
 104          
 105          /**
 106            * @brief ä»DS1302ä¸­è¯»å–æ—¶é—´æ•°æ®
 107            * @param  æ— 
 108            * @retval æ— 
 109            */
 110          
 111          void DS1302_ReadTime(void)
 112          {
 113   1        unsigned char Temp;
 114   1        Temp=DS1302_ReadByte(DS1302_Year);
 115   1        DS1302_Time[0]=Temp/16*10+Temp%16;
C51 COMPILER V9.54   DS1302                                                                11/25/2024 19:32:49 PAGE 3   

 116   1        Temp=DS1302_ReadByte(DS1302_Month);
 117   1        DS1302_Time[1]=Temp/16*10+Temp%16;
 118   1        Temp=DS1302_ReadByte(DS1302_Date);
 119   1        DS1302_Time[2]=Temp/16*10+Temp%16;
 120   1        Temp=DS1302_ReadByte(DS1302_Hour);
 121   1        DS1302_Time[3]=Temp/16*10+Temp%16;
 122   1        Temp=DS1302_ReadByte(DS1302_Minute);
 123   1        DS1302_Time[4]=Temp/16*10+Temp%16;
 124   1        Temp=DS1302_ReadByte(DS1302_Second);
 125   1        DS1302_Time[5]=Temp/16*10+Temp%16;
 126   1        Temp=DS1302_ReadByte(DS1302_Day);
 127   1        DS1302_Time[6]=Temp/16*10+Temp%16;
 128   1        
 129   1      }


MODULE INFORMATION:   STATIC OVERLAYABLE
   CODE SIZE        =    694    ----
   CONSTANT SIZE    =   ----    ----
   XDATA SIZE       =   ----    ----
   PDATA SIZE       =   ----    ----
   DATA SIZE        =      6       2
   IDATA SIZE       =   ----    ----
   BIT SIZE         =   ----    ----
END OF MODULE INFORMATION.


C51 COMPILATION COMPLETE.  0 WARNING(S),  0 ERROR(S)
