C51 COMPILER V9.54   MAIN                                                                  11/25/2024 19:33:34 PAGE 1   


C51 COMPILER V9.54, COMPILATION OF MODULE MAIN
OBJECT MODULE PLACED IN .\Objects\main.obj
COMPILER INVOKED BY: D:\develop\Keil_v5\C51\BIN\C51.EXE main.c OPTIMIZE(8,SPEED) BROWSE DEBUG OBJECTEXTEND PRINT(.\Listi
                    -ngs\main.lst) TABS(2) OBJECT(.\Objects\main.obj)

line level    source

   1          #include <REGX52.H>
   2          #include "LCD1602.h"
   3          #include "DS1302.h"
   4          #include "Key.h"
   5          #include "Timer0.h"
   6          
   7          unsigned char KeyNum,MODE,TimeSetSelect,TimeSetFlashFlag;
   8          
   9          /**
  10            * @brief LCD1602显示时间
  11            * @param  无
  12            * @retval 无
  13            */
  14          
  15          void TimeShow(void)
  16          {
  17   1          DS1302_ReadTime();
  18   1          LCD_ShowNum(1,1,DS1302_Time[0],2);
  19   1          LCD_ShowNum(1,4,DS1302_Time[1],2);
  20   1          LCD_ShowNum(1,7,DS1302_Time[2],2);
  21   1          LCD_ShowNum(2,1,DS1302_Time[3],2);
  22   1          LCD_ShowNum(2,4,DS1302_Time[4],2);
  23   1          LCD_ShowNum(2,7,DS1302_Time[5],2);
  24   1      }
  25          
  26          /**
  27            * @brief LCD1602设置时间
  28            * @param  无
  29            * @retval 无
  30            */
  31          
  32          void TimeSet(void)
  33          {
  34   1        //当按下按键2时进入选择模式，选择要调整的数据
  35   1        if(KeyNum==2)
  36   1        {
  37   2          TimeSetSelect++;
  38   2          TimeSetSelect%=6;
  39   2        }
  40   1        //当按下按键3时，对当前数据进1
  41   1        if(KeyNum==3)
  42   1        {
  43   2          DS1302_Time[TimeSetSelect]++;
  44   2          //对年的范围进行判断
  45   2          if(DS1302_Time[0]>99){DS1302_Time[0]=0;}
  46   2          //对月的范围进行判断
  47   2          if(DS1302_Time[1]>12){DS1302_Time[1]=1;}
  48   2          //对日的范围进行判断
  49   2          if(DS1302_Time[1]==1||DS1302_Time[1]==3||DS1302_Time[1]==5||DS1302_Time[1]==7||
  50   2             DS1302_Time[1]==8||DS1302_Time[1]==10||DS1302_Time[1]==12)
  51   2          {
  52   3            if(DS1302_Time[2]>31){DS1302_Time[2]=1;}//大月则31天再归零
  53   3          }
  54   2          else if(DS1302_Time[1]==4||DS1302_Time[1]==6||DS1302_Time[1]==9||DS1302_Time[1]==11)
C51 COMPILER V9.54   MAIN                                                                  11/25/2024 19:33:34 PAGE 2   

  55   2          {
  56   3            if(DS1302_Time[2]>30){DS1302_Time[2]=1;}//小月则30天再归零
  57   3          }
  58   2          else if(DS1302_Time[1]==2)//二月则再对闰年进行判断
  59   2          {
  60   3            if(DS1302_Time[0]%4==0)
  61   3            {
  62   4              if(DS1302_Time[2]>29){DS1302_Time[2]=1;}//如果是闰年。则29天再归零
  63   4            }
  64   3            else 
  65   3            {
  66   4              if(DS1302_Time[2]>28){DS1302_Time[2]=1;}//如果不是闰年。则29天再归零
  67   4            }
  68   3          }
  69   2          //对时的范围进行判断
  70   2          if(DS1302_Time[3]>23){DS1302_Time[3]=0;}
  71   2          //对分的范围进行判断
  72   2          if(DS1302_Time[4]>59){DS1302_Time[4]=0;}
  73   2          //对秒的范围进行判断
  74   2          if(DS1302_Time[5]>59){DS1302_Time[5]=0;}
  75   2        }
  76   1        //当按下按键4时，对当前数据退1
  77   1        if(KeyNum==4)
  78   1        {
  79   2          DS1302_Time[TimeSetSelect]--;
  80   2          //对年的范围进行判断
  81   2          if(DS1302_Time[0]<0){DS1302_Time[0]=99;}
  82   2          //对月的范围进行判断
  83   2          if(DS1302_Time[1]<1){DS1302_Time[1]=12;}
  84   2          //对日的范围进行判断
  85   2          if(DS1302_Time[1]==1||DS1302_Time[1]==3||DS1302_Time[1]==5||DS1302_Time[1]==7||
  86   2             DS1302_Time[1]==8||DS1302_Time[1]==10||DS1302_Time[1]==12)
  87   2          {
  88   3            if(DS1302_Time[2]<1){DS1302_Time[2]=31;}
  89   3            if(DS1302_Time[2]>31){DS1302_Time[2]=1;}
  90   3          }
  91   2          else if(DS1302_Time[1]==4||DS1302_Time[1]==6||DS1302_Time[1]==9||DS1302_Time[1]==11)
  92   2          {
  93   3            if(DS1302_Time[2]<1){DS1302_Time[2]=30;}
  94   3            if(DS1302_Time[2]>30){DS1302_Time[2]=1;}
  95   3          }
  96   2          else if(DS1302_Time[1]==2)
  97   2          {
  98   3            if(DS1302_Time[0]%4==0)
  99   3            {
 100   4              if(DS1302_Time[2]<1){DS1302_Time[2]=29;}
 101   4              if(DS1302_Time[2]>29){DS1302_Time[2]=1;}
 102   4            }
 103   3            else 
 104   3            {
 105   4              if(DS1302_Time[2]<1){DS1302_Time[2]=28;}
 106   4              if(DS1302_Time[2]>28){DS1302_Time[2]=1;}
 107   4            }
 108   3          }
 109   2          //对时的范围进行判断
 110   2          if(DS1302_Time[3]<0){DS1302_Time[3]=23;}
 111   2          //对分的范围进行判断
 112   2          if(DS1302_Time[4]<0){DS1302_Time[4]=59;}
 113   2          //对秒的范围进行判断
 114   2          if(DS1302_Time[5]<0){DS1302_Time[5]=59;}
 115   2        }
 116   1        //当选择时让被选中的数据闪烁
C51 COMPILER V9.54   MAIN                                                                  11/25/2024 19:33:34 PAGE 3   

 117   1        if(TimeSetFlashFlag==1&&TimeSetSelect==0){LCD_ShowString(1,1,"  ");}
 118   1        else{LCD_ShowNum(1,1,DS1302_Time[0],2);}
 119   1        if(TimeSetFlashFlag==1&&TimeSetSelect==1){LCD_ShowString(1,4,"  ");}
 120   1        else{LCD_ShowNum(1,4,DS1302_Time[1],2);}
 121   1        if(TimeSetFlashFlag==1&&TimeSetSelect==2){LCD_ShowString(1,7,"  ");}
 122   1        else{LCD_ShowNum(1,7,DS1302_Time[2],2);}
 123   1        if(TimeSetFlashFlag==1&&TimeSetSelect==3){LCD_ShowString(2,1,"  ");}
 124   1        else{LCD_ShowNum(2,1,DS1302_Time[3],2);}
 125   1        if(TimeSetFlashFlag==1&&TimeSetSelect==4){LCD_ShowString(2,4,"  ");}
 126   1        else{LCD_ShowNum(2,4,DS1302_Time[4],2);}
 127   1        if(TimeSetFlashFlag==1&&TimeSetSelect==5){LCD_ShowString(2,7,"  ");}
 128   1        else{LCD_ShowNum(2,7,DS1302_Time[5],2);}
 129   1      
 130   1      } 
 131          
 132          
 133          void main()
 134          {
 135   1        LCD_Init();
 136   1        DS1302_Init();
 137   1        Timer0Init();
 138   1        LCD_ShowString(1,1,"  -  -  ");
 139   1        LCD_ShowString(2,1,"  :  :  ");
 140   1        
 141   1        DS1302_SetTime();
 142   1        
 143   1        while(1)
 144   1        {
 145   2          KeyNum=Key();
 146   2          if(KeyNum==1)
 147   2          {
 148   3            if(MODE==0) {MODE=1;TimeSetSelect=0;}
 149   3            else if(MODE==1) {MODE=0;DS1302_SetTime();}
 150   3          }
 151   2          switch(MODE)
 152   2          {
 153   3            case 0:TimeShow();break;
 154   3            case 1:TimeSet();break;
 155   3          }
 156   2      
 157   2        }
 158   1      }
 159          
 160          void Timer0_Rountine() interrupt 1
 161          {
 162   1        static unsigned int T0Count = 0;
 163   1        TH0 = 0xFC;
 164   1        TL0 = 0x66;
 165   1        T0Count++;
 166   1        if(T0Count >= 500)
 167   1        {
 168   2          T0Count = 0;
 169   2          TimeSetFlashFlag=!TimeSetFlashFlag;
 170   2        }
 171   1      }


MODULE INFORMATION:   STATIC OVERLAYABLE
   CODE SIZE        =    969    ----
   CONSTANT SIZE    =     21    ----
   XDATA SIZE       =   ----    ----
   PDATA SIZE       =   ----    ----
C51 COMPILER V9.54   MAIN                                                                  11/25/2024 19:33:34 PAGE 4   

   DATA SIZE        =      6    ----
   IDATA SIZE       =   ----    ----
   BIT SIZE         =   ----    ----
END OF MODULE INFORMATION.


C51 COMPILATION COMPLETE.  0 WARNING(S),  0 ERROR(S)
