C51 COMPILER V9.54   MAIN                                                                  11/18/2024 21:03:40 PAGE 1   


C51 COMPILER V9.54, COMPILATION OF MODULE MAIN
OBJECT MODULE PLACED IN .\Objects\main.obj
COMPILER INVOKED BY: D:\develop\Keil_v5\C51\BIN\C51.EXE main.c OPTIMIZE(8,SPEED) BROWSE DEBUG OBJECTEXTEND PRINT(.\Listi
                    -ngs\main.lst) TABS(2) OBJECT(.\Objects\main.obj)

line level    source

   1          #include <REGX52.H>
   2          #include "LCD1602.h"
   3          #include "DS1302.h"
   4          
   5          unsigned char Second,Minute,Hour;
   6          
   7          void main()
   8          {
   9   1        LCD_Init();
  10   1        DS1302_Init();
  11   1        
  12   1        LCD_ShowString(1,1,"  -  -  ");
  13   1        LCD_ShowString(2,1,"  :  :    Week:");
  14   1        
  15   1        DS1302_SetTime();
  16   1        
  17   1        while(1)
  18   1        {
  19   2          DS1302_ReadTime();
  20   2          LCD_ShowNum(1,1,DS1302_Time[0],2);
  21   2          LCD_ShowNum(1,4,DS1302_Time[1],2);
  22   2          LCD_ShowNum(1,7,DS1302_Time[2],2);
  23   2          LCD_ShowNum(2,1,DS1302_Time[3],2);
  24   2          LCD_ShowNum(2,4,DS1302_Time[4],2);
  25   2          LCD_ShowNum(2,7,DS1302_Time[5],2);
  26   2          LCD_ShowNum(2,16,DS1302_Time[6],1);
  27   2        }
  28   1      }


MODULE INFORMATION:   STATIC OVERLAYABLE
   CODE SIZE        =    145    ----
   CONSTANT SIZE    =     25    ----
   XDATA SIZE       =   ----    ----
   PDATA SIZE       =   ----    ----
   DATA SIZE        =      3    ----
   IDATA SIZE       =   ----    ----
   BIT SIZE         =   ----    ----
END OF MODULE INFORMATION.


C51 COMPILATION COMPLETE.  0 WARNING(S),  0 ERROR(S)
