C51 COMPILER V9.54   MAIN                                                                  12/23/2024 20:05:02 PAGE 1   


C51 COMPILER V9.54, COMPILATION OF MODULE MAIN
OBJECT MODULE PLACED IN .\Objects\main.obj
COMPILER INVOKED BY: D:\develop\Keil_v5\C51\BIN\C51.EXE main.c OPTIMIZE(8,SPEED) BROWSE DEBUG OBJECTEXTEND PRINT(.\Listi
                    -ngs\main.lst) TABS(2) OBJECT(.\Objects\main.obj)

line level    source

   1          #include <REGX52.H>
   2          #include "Delay.h"
   3          #include "Key.h"
   4          #include "Nixie.h"
   5          #include "Timer0.h"
   6          
   7          sbit Motor=P1^0;
   8          
   9          unsigned char Counter,Compare;
  10          unsigned char KeyNum,Speed;
  11          
  12          void main()
  13          {
  14   1        Timer0Init();
  15   1        Compare=5;
  16   1        while(1)
  17   1        {
  18   2          KeyNum=Key();
  19   2          if(KeyNum==1)
  20   2          {
  21   3            Speed++;
  22   3            if(Speed>=4) Speed=0;
  23   3            if(Speed==0) Compare=0;
  24   3            if(Speed==1) Compare=50;
  25   3            if(Speed==2) Compare=75;
  26   3            if(Speed==3) Compare=100;
  27   3          }
  28   2          Nixie(1,Speed);
  29   2        }
  30   1      }
  31          
  32          void Timer0_Rountine() interrupt 1
  33          {
  34   1        TL0 = 0xA4;   //设置定时初值
  35   1        TH0 = 0xFF;   //设置定时初值
  36   1        Counter++;
  37   1        if(Counter>=100) Counter=0;
  38   1        if(Counter<Compare)
  39   1        {
  40   2          Motor=1;
  41   2        }
  42   1        else
  43   1        {
  44   2          Motor=0;
  45   2        }
  46   1      }


MODULE INFORMATION:   STATIC OVERLAYABLE
   CODE SIZE        =    111    ----
   CONSTANT SIZE    =   ----    ----
   XDATA SIZE       =   ----    ----
   PDATA SIZE       =   ----    ----
   DATA SIZE        =      4    ----
C51 COMPILER V9.54   MAIN                                                                  12/23/2024 20:05:02 PAGE 2   

   IDATA SIZE       =   ----    ----
   BIT SIZE         =   ----    ----
END OF MODULE INFORMATION.


C51 COMPILATION COMPLETE.  0 WARNING(S),  0 ERROR(S)
