C51 COMPILER V9.54   MAIN                                                                  11/04/2024 21:48:43 PAGE 1   


C51 COMPILER V9.54, COMPILATION OF MODULE MAIN
OBJECT MODULE PLACED IN .\Objects\main.obj
COMPILER INVOKED BY: D:\develop\Keil_v5\C51\BIN\C51.EXE main.c OPTIMIZE(8,SPEED) BROWSE DEBUG OBJECTEXTEND PRINT(.\Listi
                    -ngs\main.lst) TABS(2) OBJECT(.\Objects\main.obj)

line level    source

   1          #include <REGX52.H>
   2          #include "Timer0.h"
   3          #include "Key.h"
   4          #include <INTRINS.H>
   5          
   6          
   7          unsigned char KeyNum,LEDMode;
   8          void main()
   9          {
  10   1        
  11   1        P2=0xFE;
  12   1        Timer0Init();
  13   1        while(1)
  14   1        {
  15   2          KeyNum = Key();
  16   2          if(KeyNum)
  17   2          {
  18   3            if(KeyNum == 1)
  19   3            {
  20   4              LEDMode++;
  21   4              if(LEDMode>=2)LEDMode=0;
  22   4              
  23   4            }
  24   3            
  25   3          }
  26   2        }
  27   1      }
  28          
  29          
  30          void Timer0_Rountine() interrupt 1
  31          {
  32   1        static unsigned int T0Count = 0;
  33   1        TH0 = 0xFC;
  34   1        TL0 = 0x66;
  35   1        T0Count++;
  36   1        if(T0Count >= 500)
  37   1        {
  38   2          T0Count = 0;
  39   2          if(LEDMode==0)P2=_crol_(P2,1);
  40   2          if(LEDMode==1)P2=_cror_(P2,1);
  41   2            
  42   2        }
  43   1      }


MODULE INFORMATION:   STATIC OVERLAYABLE
   CODE SIZE        =    116    ----
   CONSTANT SIZE    =   ----    ----
   XDATA SIZE       =   ----    ----
   PDATA SIZE       =   ----    ----
   DATA SIZE        =      4    ----
   IDATA SIZE       =   ----    ----
   BIT SIZE         =   ----    ----
END OF MODULE INFORMATION.

C51 COMPILER V9.54   MAIN                                                                  11/04/2024 21:48:43 PAGE 2   


C51 COMPILATION COMPLETE.  0 WARNING(S),  0 ERROR(S)
