C51 COMPILER V9.54   I2C                                                                   12/02/2024 19:48:25 PAGE 1   


C51 COMPILER V9.54, COMPILATION OF MODULE I2C
OBJECT MODULE PLACED IN .\Objects\I2C.obj
COMPILER INVOKED BY: D:\develop\Keil_v5\C51\BIN\C51.EXE I2C.c OPTIMIZE(8,SPEED) BROWSE DEBUG OBJECTEXTEND PRINT(.\Listin
                    -gs\I2C.lst) TABS(2) OBJECT(.\Objects\I2C.obj)

line level    source

   1          #include <REGX52.H>
   2          
   3          sbit I2C_SCL=P2^1;
   4          sbit I2C_SDA=P2^0;
   5          
   6          /**
   7            * @brief I2C开始
   8            * @param  无
   9            * @retval 无
  10            */
  11          
  12          void I2C_Start(void)
  13          {
  14   1        I2C_SDA=1;
  15   1        I2C_SCL=1;
  16   1        I2C_SDA=0;
  17   1        I2C_SCL=0;
  18   1      }
  19          
  20          /**
  21            * @brief I2C停止
  22            * @param  无
  23            * @retval 无
  24            */
  25          
  26          void I2C_Stop(void)
  27          {
  28   1        I2C_SDA=0;
  29   1        I2C_SCL=1;
  30   1        I2C_SDA=1;
  31   1      }
  32          
  33          /**
  34            * @brief I2C发送一个字节
  35            * @param  要发送的字节
  36            * @retval 无
  37            */
  38          
  39          void I2C_SendByte(unsigned char Byte)
  40          {
  41   1        unsigned char i;
  42   1        for(i=0;i<8;i++)
  43   1        {
  44   2          I2C_SDA=Byte&(0x80>>i);
  45   2          I2C_SCL=1;
  46   2          I2C_SCL=0;
  47   2        }
  48   1        
  49   1      }
  50          
  51          /**
  52            * @brief I2C接受一个字节
  53            * @param  无
  54            * @retval I2C接收到的字节数据
C51 COMPILER V9.54   I2C                                                                   12/02/2024 19:48:25 PAGE 2   

  55            */
  56          
  57          unsigned char I2C_ReceiveByte(void)
  58          {
  59   1        unsigned char i,Byte=0x00;
  60   1        
  61   1        I2C_SDA=1;
  62   1        
  63   1        for(i=0;i<8;i++)
  64   1        {
  65   2          I2C_SCL=1;
  66   2          if(I2C_SDA){Byte|=(0x80>>i);}
  67   2          I2C_SCL=0;
  68   2        }
  69   1      
  70   1        
  71   1        return Byte;
  72   1      }
  73          
  74          /**
  75            * @brief I2C发送应答
  76          * @param  应答位，0为应答；1为非应答
  77            * @retval 无
  78            */
  79          
  80          void I2C_SendAck(unsigned char AckBit)
  81          {
  82   1        I2C_SDA=AckBit;
  83   1        I2C_SCL=1;
  84   1        I2C_SCL=0;
  85   1      }
  86          
  87          /**
  88            * @brief I2C接收应答位
  89            * @param  无
  90            * @retval 接收到的应答位
  91            */
  92          
  93          unsigned char I2C_ReceiveAck(void)
  94          {
  95   1        unsigned char AckBit;
  96   1        
  97   1        I2C_SDA=1;
  98   1        I2C_SCL=1;
  99   1        AckBit=I2C_SDA;
 100   1        I2C_SCL=0;
 101   1        
 102   1        return AckBit;
 103   1      }


MODULE INFORMATION:   STATIC OVERLAYABLE
   CODE SIZE        =    109    ----
   CONSTANT SIZE    =   ----    ----
   XDATA SIZE       =   ----    ----
   PDATA SIZE       =   ----    ----
   DATA SIZE        =   ----    ----
   IDATA SIZE       =   ----    ----
   BIT SIZE         =   ----    ----
END OF MODULE INFORMATION.


C51 COMPILATION COMPLETE.  0 WARNING(S),  0 ERROR(S)
