C51 COMPILER V9.54   ONEWIRE                                                               12/11/2024 18:18:00 PAGE 1   


C51 COMPILER V9.54, COMPILATION OF MODULE ONEWIRE
OBJECT MODULE PLACED IN .\Objects\OneWire.obj
COMPILER INVOKED BY: D:\develop\Keil_v5\C51\BIN\C51.EXE OneWire.c OPTIMIZE(8,SPEED) BROWSE DEBUG OBJECTEXTEND PRINT(.\Li
                    -stings\OneWire.lst) TABS(2) OBJECT(.\Objects\OneWire.obj)

line level    source

   1          #include <INTRINS.H>
   2          #include <REGX52.H>
   3          
   4          sbit OneWire_DQ=P3^7;
   5          
   6          unsigned char OneWire_Init(void)
   7          {
   8   1        unsigned char i;
   9   1        unsigned char AckBit;
  10   1        EA=0;
  11   1        OneWire_DQ=1;
  12   1        OneWire_DQ=0;
  13   1        i = 247;while (--i);  //Delay 500us
  14   1        OneWire_DQ=1;
  15   1        i = 29;while (--i);   //Delay 70us
  16   1        AckBit=OneWire_DQ;
  17   1        i = 247;while (--i);  //Delay 500us
  18   1        EA=1;
  19   1        return AckBit;
  20   1      }
  21          
  22          void OneWire_SendBit(unsigned char Bit)
  23          {
  24   1        unsigned char i;
  25   1        EA=0;
  26   1        OneWire_DQ=0;
  27   1        i = 3;while (--i);  //Delay 10us
  28   1        OneWire_DQ=Bit;
  29   1        i = 22;while (--i);  //Delay 50us
  30   1        OneWire_DQ=1;
  31   1        EA=1;
  32   1      }
  33          
  34          unsigned char OneWire_ReceiveBit(void)
  35          {
  36   1        unsigned char Bit;
  37   1        unsigned char i;
  38   1        EA=0;
  39   1        OneWire_DQ=0;
  40   1        i = 1;while (--i);  //Delay 5us
  41   1        OneWire_DQ=1;
  42   1        i = 1;while (--i);  //Delay 5us
  43   1        Bit=OneWire_DQ;
  44   1        i = 22;while (--i);  //Delay 50us
  45   1        EA=1;
  46   1        return Bit;
  47   1      }
  48          
  49          void OneWire_SendByte(unsigned char Byte)
  50          {
  51   1        unsigned char i;
  52   1        for(i=0;i<8;i++)
  53   1        {
  54   2          OneWire_SendBit(Byte&(0x01<<i));
C51 COMPILER V9.54   ONEWIRE                                                               12/11/2024 18:18:00 PAGE 2   

  55   2        }
  56   1      }
  57          
  58          unsigned char OneWire_ReceiveByte(void)
  59          {
  60   1        unsigned char i;
  61   1        unsigned char Byte=0x00;
  62   1        for(i=0;i<8;i++)
  63   1        {
  64   2          if(OneWire_ReceiveBit()){Byte|=(0x01<<i);}
  65   2        }
  66   1        return Byte;
  67   1      }


MODULE INFORMATION:   STATIC OVERLAYABLE
   CODE SIZE        =    134    ----
   CONSTANT SIZE    =   ----    ----
   XDATA SIZE       =   ----    ----
   PDATA SIZE       =   ----    ----
   DATA SIZE        =   ----    ----
   IDATA SIZE       =   ----    ----
   BIT SIZE         =   ----    ----
END OF MODULE INFORMATION.


C51 COMPILATION COMPLETE.  0 WARNING(S),  0 ERROR(S)
